  MusicStreaming.cpp
C:\Users\USER\Documents\data-structure-lab-2025\MusicStreamingService\MusicStreamingService\MusicStreaming.cpp(28,31): error C2440: '초기화 중': 'Music *'에서 'std::vector<Music *,std::allocator<Music *>>'(으)로 변환할 수 없습니다.
  C:\Users\USER\Documents\data-structure-lab-2025\MusicStreamingService\MusicStreamingService\MusicStreaming.cpp(28,31):
  'std::vector<Music *,std::allocator<Music *>>::vector': 모든 인수 형식을 변환할 수 있는 오버로드된 함수가 없습니다.
  	C:\Program Files\Microsoft Visual Studio\2022\Community\VC\Tools\MSVC\14.39.33519\include\vector(654,5):
  	'std::vector<Music *,std::allocator<Music *>>::vector(std::initializer_list<_Ty>,const _Alloc &)'일 수 있습니다.
          with
          [
              _Ty=Music *,
              _Alloc=std::allocator<Music *>
          ]
  		C:\Users\USER\Documents\data-structure-lab-2025\MusicStreamingService\MusicStreamingService\MusicStreaming.cpp(28,31):
  		'std::vector<Music *,std::allocator<Music *>>::vector(std::initializer_list<_Ty>,const _Alloc &)': 인수 1을(를) 'Music *'에서 'std::initializer_list<_Ty>'(으)로 변환할 수 없습니다.
          with
          [
              _Ty=Music *,
              _Alloc=std::allocator<Music *>
          ]
          and
          [
              _Ty=Music *
          ]
  			C:\Users\USER\Documents\data-structure-lab-2025\MusicStreamingService\MusicStreamingService\MusicStreaming.cpp(28,58):
  			변환하려면 둘째 사용자 정의 변환 연산자 또는 생성자가 있어야 합니다.
  	C:\Program Files\Microsoft Visual Studio\2022\Community\VC\Tools\MSVC\14.39.33519\include\vector(627,5):
  	또는       'std::vector<Music *,std::allocator<Music *>>::vector(_Iter,_Iter,const _Alloc &)'
          with
          [
              _Alloc=std::allocator<Music *>
          ]
  	C:\Users\USER\Documents\data-structure-lab-2025\MusicStreamingService\MusicStreamingService\MusicStreaming.cpp(28,31):
  	인수 목록 '(Music *)'을(를) 일치시키는 동안
  
C:\Users\USER\Documents\data-structure-lab-2025\MusicStreamingService\MusicStreamingService\MusicStreaming.cpp(42,23): error C2065: 'music_list': 선언되지 않은 식별자입니다.
C:\Users\USER\Documents\data-structure-lab-2025\MusicStreamingService\MusicStreamingService\MusicStreaming.cpp(44,8): error C2065: 'music_list': 선언되지 않은 식별자입니다.
C:\Users\USER\Documents\data-structure-lab-2025\MusicStreamingService\MusicStreamingService\MusicStreaming.cpp(44,37): error C2065: 'Artist': 선언되지 않은 식별자입니다.
C:\Users\USER\Documents\data-structure-lab-2025\MusicStreamingService\MusicStreamingService\MusicStreaming.cpp(46,23): error C2065: 'music_list': 선언되지 않은 식별자입니다.
C:\Users\USER\Documents\data-structure-lab-2025\MusicStreamingService\MusicStreamingService\MusicStreaming.cpp(50,10): error C2440: 'return': 'std::vector<Music *,std::allocator<Music *>>'에서 'int'(으)로 변환할 수 없습니다.
  C:\Users\USER\Documents\data-structure-lab-2025\MusicStreamingService\MusicStreamingService\MusicStreaming.cpp(50,10):
  이 변환을 수행할 수 있는 사용 가능한 사용자 정의 변환 연산자가 없거나 연산자를 호출할 수 없습니다.
  
